\BOOKMARK [0][-]{chapter.1}{\376\377\000I\000n\000t\000r\000o\000d\000u\000c\000t\000i\000o\000n}{}% 1
\BOOKMARK [1][-]{section.1.1}{\376\377\000R\000o\000l\000e\000\040\000o\000f\000\040\000d\000a\000t\000a\000\040\000i\000n\000\040\0002\0000\0002\0005}{chapter.1}% 2
\BOOKMARK [2][-]{subsection.1.1.1}{\376\377\000D\000a\000t\000a\000\040\000t\000y\000p\000e\000s}{section.1.1}% 3
\BOOKMARK [2][-]{subsection.1.1.2}{\376\377\000D\000a\000t\000a\000\040\000i\000s\000\040\000t\000h\000e\000\040\000n\000e\000w\000\040\000o\000i\000l}{section.1.1}% 4
\BOOKMARK [2][-]{subsection.1.1.3}{\376\377\000T\000h\000e\000\040\000g\000r\000o\000w\000i\000n\000g\000\040\000v\000a\000l\000u\000e\000\040\000o\000f\000\040\000p\000r\000i\000v\000a\000t\000e\000\040\000d\000a\000t\000a}{section.1.1}% 5
\BOOKMARK [1][-]{section.1.2}{\376\377\000H\000i\000s\000t\000o\000r\000y\000\040\000o\000f\000\040\000W\000e\000b\000-\000S\000c\000r\000a\000p\000i\000n\000g}{chapter.1}% 6
\BOOKMARK [1][-]{section.1.3}{\376\377\000T\000h\000e\000\040\000i\000m\000p\000o\000r\000t\000a\000n\000c\000e\000\040\000o\000f\000\040\000S\000c\000r\000a\000p\000i\000n\000g}{chapter.1}% 7
\BOOKMARK [1][-]{section.1.4}{\376\377\000H\000i\000s\000t\000o\000r\000i\000c\000a\000l\000\040\000c\000o\000n\000t\000e\000x\000t}{chapter.1}% 8
\BOOKMARK [2][-]{subsection.1.4.1}{\376\377\000S\000c\000r\000a\000p\000i\000n\000g\000\040\000t\000e\000c\000h\000n\000i\000q\000u\000e\000s\000\040\000a\000n\000d\000\040\000f\000r\000a\000m\000e\000w\000o\000r\000k\000s}{section.1.4}% 9
\BOOKMARK [2][-]{subsection.1.4.2}{\376\377\000A\000g\000e\000n\000t\000s\000\040\000a\000n\000d\000\040\000b\000o\000t\000s\000\040\000i\000n\000\040\000t\000h\000e\000\040\000i\000n\000t\000e\000r\000n\000e\000t\000\040\000c\000o\000n\000t\000e\000x\000t}{section.1.4}% 10
\BOOKMARK [2][-]{subsection.1.4.3}{\376\377\000A\000g\000e\000n\000t\000\040\000d\000e\000f\000i\000n\000i\000t\000i\000o\000n}{section.1.4}% 11
\BOOKMARK [2][-]{subsection.1.4.4}{\376\377\000I\000m\000p\000o\000r\000t\000a\000n\000c\000e\000\040\000o\000f\000\040\000A\000P\000I\000s\000\040\000f\000o\000r\000\040\000s\000c\000r\000a\000p\000i\000n\000g}{section.1.4}% 12
\BOOKMARK [2][-]{subsection.1.4.5}{\376\377\000A\000n\000t\000i\000-\000B\000o\000t\000\040\000p\000o\000l\000i\000c\000i\000e\000s}{section.1.4}% 13
\BOOKMARK [1][-]{section.1.5}{\376\377\000T\000h\000e\000\040\000C\000o\000n\000c\000e\000p\000t\000\040\000o\000f\000\040\000A\000g\000e\000n\000t\000s\000\040\000i\000n\000\040\000A\000g\000e\000n\000t\000\040\000B\000a\000s\000e\000d\000\040\000M\000o\000d\000e\000l\000s\000\040\000\050\000A\000B\000M\000S\000\051}{chapter.1}% 14
\BOOKMARK [1][-]{section.1.6}{\376\377\000T\000h\000e\000\040\000B\000e\000l\000i\000e\000f\000-\000D\000e\000s\000i\000r\000e\000-\000I\000n\000t\000e\000n\000t\000i\000o\000n\000\040\000\050\000B\000D\000I\000\051\000\040\000M\000o\000d\000e\000l}{chapter.1}% 15
\BOOKMARK [1][-]{section.1.7}{\376\377\000A\000p\000p\000l\000i\000c\000a\000t\000i\000o\000n\000s\000\040\000o\000f\000\040\000A\000B\000M\000S\000\040\000i\000n\000\040\000C\000o\000m\000p\000l\000e\000x\000\040\000S\000y\000s\000t\000e\000m\000s}{chapter.1}% 16
\BOOKMARK [2][-]{subsection.1.7.1}{\376\377\000E\000c\000o\000l\000o\000g\000y\000\040\000a\000n\000d\000\040\000E\000n\000v\000i\000r\000o\000n\000m\000e\000n\000t\000a\000l\000\040\000M\000o\000d\000e\000l\000i\000n\000g}{section.1.7}% 17
\BOOKMARK [2][-]{subsection.1.7.2}{\376\377\000S\000o\000c\000i\000a\000l\000\040\000S\000c\000i\000e\000n\000c\000e\000s\000\040\000a\000n\000d\000\040\000E\000c\000o\000n\000o\000m\000i\000c\000s}{section.1.7}% 18
\BOOKMARK [2][-]{subsection.1.7.3}{\376\377\000H\000e\000a\000l\000t\000h\000c\000a\000r\000e\000\040\000a\000n\000d\000\040\000E\000p\000i\000d\000e\000m\000i\000o\000l\000o\000g\000y}{section.1.7}% 19
\BOOKMARK [1][-]{section.1.8}{\376\377\000A\000B\000M\000S\000\040\000S\000o\000f\000t\000w\000a\000r\000e\000\040\000T\000o\000o\000l\000s}{chapter.1}% 20
\BOOKMARK [2][-]{subsection.1.8.1}{\376\377\000A\000g\000e\000n\000t\000s\000\040\000i\000n\000\040\000t\000h\000e\000\040\000i\000n\000t\000e\000r\000n\000e\000t}{section.1.8}% 21
\BOOKMARK [2][-]{subsection.1.8.2}{\376\377\000C\000u\000r\000r\000e\000n\000t\000\040\000p\000r\000o\000b\000l\000e\000m\000s\000\040\000a\000n\000d\000\040\000i\000s\000s\000u\000e\000s\000\040\000w\000i\000t\000h\000\040\040\034\000c\000l\000a\000s\000s\000i\000c\040\035\000\040\000s\000c\000r\000a\000p\000i\000n\000g\000\040\000l\000i\000b\000r\000a\000r\000i\000e\000s}{section.1.8}% 22
\BOOKMARK [2][-]{subsection.1.8.3}{\376\377\000T\000h\000e\000\040\000c\000u\000r\000r\000e\000n\000t\000\040\000r\000e\000q\000u\000e\000s\000t\000\040\000o\000f\000\040\000d\000a\000t\000a}{section.1.8}% 23
\BOOKMARK [3][-]{section*.3}{\376\377\000C\000S\000S\000\040\000s\000e\000l\000e\000c\000t\000o\000r\000s}{subsection.1.8.3}% 24
\BOOKMARK [3][-]{section*.4}{\376\377\000X\000P\000a\000t\000h}{subsection.1.8.3}% 25
\BOOKMARK [3][-]{section*.5}{\376\377\000H\000T\000M\000L\000\040\000D\000O\000M}{subsection.1.8.3}% 26
\BOOKMARK [3][-]{section*.6}{\376\377\000R\000e\000g\000e\000x}{subsection.1.8.3}% 27
\BOOKMARK [1][-]{section.1.9}{\376\377\000P\000r\000e\000s\000e\000n\000t\000a\000t\000i\000o\000n\000\040\000o\000f\000\040\000S\000c\000r\000a\000p\000e\000g\000r\000a\000p\000h\000A\000I\000\040\040\031\000s\000\040\000l\000i\000b\000r\000a\000r\000y}{chapter.1}% 28
\BOOKMARK [2][-]{subsection.1.9.1}{\376\377\000T\000h\000e\000\040\000i\000n\000t\000u\000i\000t\000i\000o\000n}{section.1.9}% 29
\BOOKMARK [2][-]{subsection.1.9.2}{\376\377\000F\000i\000r\000s\000t\000\040\000p\000r\000o\000t\000o\000t\000y\000p\000e}{section.1.9}% 30
\BOOKMARK [2][-]{subsection.1.9.3}{\376\377\000F\000i\000r\000s\000t\000\040\000p\000u\000b\000l\000i\000c\000\040\000r\000e\000l\000e\000a\000s\000e}{section.1.9}% 31
\BOOKMARK [2][-]{subsection.1.9.4}{\376\377\000A\000c\000t\000u\000a\000l\000\040\000d\000a\000i\000l\000y\000\040\000u\000s\000a\000g\000e\000\040\000a\000n\000d\000\040\000n\000u\000m\000b\000e\000r\000s\000\040\000o\000f\000\040\000t\000h\000e\000\040\000l\000i\000b\000r\000a\000r\000y}{section.1.9}% 32
\BOOKMARK [2][-]{subsection.1.9.5}{\376\377\000T\000h\000e\000\040\000p\000o\000w\000e\000r\000\040\000o\000f\000\040\000t\000h\000e\000\040\000o\000p\000e\000n\000\040\000s\000o\000u\000r\000c\000e\000\040\000c\000o\000m\000m\000u\000n\000i\000t\000y}{section.1.9}% 33
\BOOKMARK [2][-]{subsection.1.9.6}{\376\377\000O\000p\000e\000n\000\040\000s\000o\000u\000r\000c\000e\000\040\000e\000v\000e\000n\000t\000s}{section.1.9}% 34
\BOOKMARK [2][-]{subsection.1.9.7}{\376\377\000P\000r\000o\000j\000e\000c\000t\000s\000\040\000c\000r\000e\000a\000t\000e\000d\000\040\000b\000y\000\040\000t\000h\000e\000\040\000c\000o\000m\000m\000u\000n\000i\000t\000y}{section.1.9}% 35
\BOOKMARK [1][-]{section.1.10}{\376\377\000T\000h\000e\000s\000i\000s\000\040\000s\000t\000r\000u\000c\000t\000u\000r\000e}{chapter.1}% 36
\BOOKMARK [0][-]{chapter.2}{\376\377\000M\000e\000t\000h\000o\000d\000s\000\040\000a\000n\000d\000\040\000p\000r\000o\000c\000e\000d\000u\000r\000e\000s}{}% 37
\BOOKMARK [1][-]{section.2.1}{\376\377\000I\000n\000t\000r\000o\000d\000u\000c\000t\000i\000o\000n\000\040\000t\000o\000\040\000n\000e\000u\000r\000a\000l\000\040\000n\000e\000t\000w\000o\000r\000k\000s}{chapter.2}% 38
\BOOKMARK [1][-]{section.2.2}{\376\377\000T\000h\000e\000\040\000p\000e\000r\000c\000e\000p\000t\000r\000o\000n\000\040\000a\000n\000d\000\040\000m\000u\000l\000t\000i\000l\000a\000y\000e\000r\000\040\000p\000e\000r\000c\000e\000p\000t\000r\000o\000n}{chapter.2}% 39
\BOOKMARK [1][-]{section.2.3}{\376\377\000B\000a\000c\000k\000p\000r\000o\000p\000a\000g\000a\000t\000i\000o\000n\000\040\000a\000n\000d\000\040\000p\000a\000r\000a\000m\000e\000t\000e\000r\000\040\000o\000p\000t\000i\000m\000i\000z\000a\000t\000i\000o\000n}{chapter.2}% 40
\BOOKMARK [1][-]{section.2.4}{\376\377\000H\000y\000p\000e\000r\000p\000a\000r\000a\000m\000e\000t\000e\000r\000s}{chapter.2}% 41
\BOOKMARK [1][-]{section.2.5}{\376\377\000T\000r\000a\000i\000n\000i\000n\000g\000\040\000t\000e\000s\000t\000,\000\040\000v\000a\000l\000i\000d\000a\000t\000i\000o\000n\000\040\000t\000e\000s\000t\000\040\000a\000n\000d\000\040\000t\000e\000s\000t\000i\000n\000g\000\040\000s\000e\000t}{chapter.2}% 42
\BOOKMARK [1][-]{section.2.6}{\376\377\000M\000e\000t\000r\000i\000c\000s}{chapter.2}% 43
\BOOKMARK [2][-]{subsection.2.6.1}{\376\377\000C\000o\000e\000f\000f\000i\000c\000i\000e\000n\000t\000\040\000o\000f\000\040\000d\000e\000t\000e\000r\000m\000i\000n\000a\000t\000i\000o\000n\000\040\000\050\000R\0002\000\051}{section.2.6}% 44
\BOOKMARK [2][-]{subsection.2.6.2}{\376\377\000R\000o\000o\000t\000\040\000m\000e\000a\000n\000\040\000s\000q\000u\000a\000r\000e\000d\000\040\000e\000r\000r\000o\000r\000\040\000\050\000R\000M\000S\000E\000\051}{section.2.6}% 45
\BOOKMARK [2][-]{subsection.2.6.3}{\376\377\000M\000e\000a\000n\000\040\000A\000b\000s\000o\000l\000u\000t\000e\000\040\000E\000r\000r\000o\000r\000\040\000M\000A\000E}{section.2.6}% 46
\BOOKMARK [1][-]{section.2.7}{\376\377\000R\000e\000c\000u\000r\000r\000e\000n\000t\000\040\000n\000e\000u\000r\000o\000n\000s\000\040\000\050\000R\000N\000N\000\051\000\040\000a\000n\000d\000\040\000l\000a\000y\000e\000r\000s}{chapter.2}% 47
\BOOKMARK [1][-]{section.2.8}{\376\377\000M\000e\000m\000o\000r\000y\000\040\000C\000e\000l\000l\000s\000\040\000a\000n\000d\000\040\000l\000o\000n\000g\000\040\000s\000h\000o\000r\000t\000\040\000m\000e\000m\000o\000r\000y\000\040\000t\000e\000r\000m\000\040\000n\000e\000t\000w\000o\000r\000k}{chapter.2}% 48
\BOOKMARK [2][-]{subsection.2.8.1}{\376\377\000I\000n\000t\000r\000o\000d\000u\000c\000t\000i\000o\000n\000\040\000t\000o\000\040\000L\000S\000T\000M\000\040\000a\000n\000d\000\040\000l\000i\000m\000i\000t\000s\000\040\000o\000f\000\040\000R\000N\000N}{section.2.8}% 49
\BOOKMARK [2][-]{subsection.2.8.2}{\376\377\000L\000S\000T\000M\000\040\000c\000e\000l\000l}{section.2.8}% 50
\BOOKMARK [2][-]{subsection.2.8.3}{\376\377\000O\000t\000h\000e\000r\000\040\000c\000e\000l\000l\000s\000:\000\040\000D\000e\000n\000s\000e\000\040\000c\000e\000l\000l\000s\000\040\000a\000n\000d\000\040\000G\000R\000U\000\040\000c\000e\000l\000l\000s}{section.2.8}% 51
\BOOKMARK [1][-]{section.2.9}{\376\377\000I\000n\000t\000r\000o\000d\000u\000c\000t\000i\000o\000n\000\040\000t\000o\000\040\000L\000L\000M\000s}{chapter.2}% 52
\BOOKMARK [2][-]{subsection.2.9.1}{\376\377\000G\000e\000n\000e\000r\000a\000t\000i\000v\000e\000\040\000A\000I\000\040\000D\000e\000s\000i\000g\000n\000\040\000C\000y\000c\000l\000e}{section.2.9}% 53
\BOOKMARK [2][-]{subsection.2.9.2}{\376\377\000A\000t\000t\000e\000n\000t\000i\000o\000n\000\040\000i\000s\000\040\000a\000l\000l\000\040\000y\000o\000u\000\040\000n\000e\000e\000d}{section.2.9}% 54
\BOOKMARK [2][-]{subsection.2.9.3}{\376\377\000A\000p\000p\000l\000i\000c\000a\000t\000i\000o\000n\000\040\000o\000f\000\040\000L\000L\000M\000s\000\040\000i\000n\000\040\000t\000h\000e\000\040\000W\000o\000r\000l\000d}{section.2.9}% 55
\BOOKMARK [3][-]{section*.24}{\376\377\000I\000n\000t\000e\000g\000r\000a\000t\000i\000o\000n\000\040\000o\000f\000\040\000L\000L\000M\000s\000\040\000i\000n\000\040\000a\000\040\000s\000o\000f\000t\000w\000a\000r\000e\000\040\000e\000n\000g\000i\000n\000e\000e\000r\000i\000n\000g\000\040\000p\000r\000o\000j\000e\000c\000t}{subsection.2.9.3}% 56
\BOOKMARK [2][-]{subsection.2.9.4}{\376\377\000L\000i\000m\000i\000t\000a\000t\000i\000o\000n\000s\000\040\000o\000f\000\040\000L\000L\000M\000s}{section.2.9}% 57
\BOOKMARK [2][-]{subsection.2.9.5}{\376\377\000M\000o\000d\000e\000l\000\040\000d\000i\000s\000t\000i\000l\000l\000a\000t\000i\000o\000n}{section.2.9}% 58
\BOOKMARK [2][-]{subsection.2.9.6}{\376\377\000M\000o\000s\000t\000\040\000f\000a\000m\000o\000u\000s\000\040\000c\000o\000m\000p\000a\000n\000i\000e\000s\000\040\000a\000n\000d\000\040\000m\000o\000d\000e\000l\000s}{section.2.9}% 59
\BOOKMARK [1][-]{section.2.10}{\376\377\000I\000n\000t\000r\000o\000d\000u\000c\000t\000i\000o\000n\000\040\000t\000o\000\040\000A\000g\000e\000n\000t\000s\000\040\000a\000n\000d\000\040\000A\000g\000e\000n\000t\000-\000B\000a\000s\000e\000d\000\040\000M\000o\000d\000e\000l\000l\000i\000n\000g\000\040\000\050\000A\000B\000M\000\051}{chapter.2}% 60
\BOOKMARK [2][-]{subsection.2.10.1}{\376\377\000S\000h\000o\000r\000t\000-\000T\000e\000r\000m\000\040\000M\000e\000m\000o\000r\000y\000\040\000a\000n\000d\000\040\000A\000s\000y\000n\000c\000h\000r\000o\000n\000o\000u\000s\000\040\000P\000r\000o\000c\000e\000s\000s\000i\000n\000g}{section.2.10}% 61
\BOOKMARK [2][-]{subsection.2.10.2}{\376\377\000L\000o\000n\000g\000-\000T\000e\000r\000m\000\040\000M\000e\000m\000o\000r\000y\000\040\000a\000n\000d\000\040\000P\000a\000r\000a\000l\000l\000e\000l\000\040\000T\000h\000o\000u\000g\000h\000t\000\040\000P\000r\000o\000c\000e\000s\000s\000e\000s}{section.2.10}% 62
\BOOKMARK [2][-]{subsection.2.10.3}{\376\377\000M\000u\000l\000t\000i\000-\000A\000g\000e\000n\000t\000\040\000S\000y\000s\000t\000e\000m\000s\000\040\000a\000n\000d\000\040\000A\000s\000y\000n\000c\000h\000r\000o\000n\000o\000u\000s\000\040\000E\000x\000e\000c\000u\000t\000i\000o\000n}{section.2.10}% 63
\BOOKMARK [2][-]{subsection.2.10.4}{\376\377\000M\000u\000l\000t\000i\000-\000A\000g\000e\000n\000t\000\040\000E\000n\000v\000i\000r\000o\000n\000m\000e\000n\000t\000\040\000a\000n\000d\000\040\000E\000v\000e\000n\000t\000-\000D\000r\000i\000v\000e\000n\000\040\000I\000n\000t\000e\000r\000a\000c\000t\000i\000o\000n}{section.2.10}% 64
\BOOKMARK [2][-]{subsection.2.10.5}{\376\377\000A\000d\000a\000p\000t\000i\000v\000e\000\040\000L\000e\000a\000r\000n\000i\000n\000g\000\040\000a\000n\000d\000\040\000S\000e\000l\000f\000-\000O\000p\000t\000i\000m\000i\000z\000a\000t\000i\000o\000n\000\040\000i\000n\000\040\000M\000u\000l\000t\000i\000-\000A\000g\000e\000n\000t\000\040\000S\000y\000s\000t\000e\000m\000s}{section.2.10}% 65
\BOOKMARK [2][-]{subsection.2.10.6}{\376\377\000M\000u\000l\000t\000i\000-\000A\000g\000e\000n\000t\000\040\000I\000n\000t\000e\000r\000a\000c\000t\000i\000o\000n\000\040\000a\000n\000d\000\040\000I\000n\000t\000e\000r\000r\000u\000p\000t\000\040\000H\000a\000n\000d\000l\000i\000n\000g}{section.2.10}% 66
\BOOKMARK [2][-]{subsection.2.10.7}{\376\377\000A\000g\000e\000n\000t\000\040\000U\000s\000e\000-\000C\000a\000s\000e\000s\000\040\000a\000n\000d\000\040\000F\000u\000t\000u\000r\000e\000\040\000D\000i\000r\000e\000c\000t\000i\000o\000n\000s}{section.2.10}% 67
\BOOKMARK [2][-]{subsection.2.10.8}{\376\377\000A\000d\000d\000i\000t\000i\000o\000n\000a\000l\000\040\000I\000n\000s\000i\000g\000h\000t\000s\000\040\000f\000r\000o\000m\000\040\000g\000i\000n\000a\000r\000t\0002\0000\0002\0004}{section.2.10}% 68
\BOOKMARK [2][-]{subsection.2.10.9}{\376\377\000I\000n\000f\000r\000a\000s\000t\000r\000u\000c\000t\000u\000r\000e\000\040\000f\000o\000r\000\040\000A\000I\000\040\000A\000g\000e\000n\000t\000s}{section.2.10}% 69
\BOOKMARK [0][-]{chapter.3}{\376\377\000B\000e\000n\000c\000h\000m\000a\000r\000k\000s\000\040\000a\000n\000d\000\040\000c\000o\000m\000p\000a\000r\000i\000s\000o\000n\000s}{}% 70
\BOOKMARK [1][-]{section.3.1}{\376\377\000U\000s\000e\000\040\000o\000f\000\040\000L\000L\000M\000s\000\040\000f\000o\000r\000\040\000e\000x\000t\000r\000a\000c\000t\000i\000n\000g\000\040\000d\000a\000t\000a}{chapter.3}% 71
\BOOKMARK [2][-]{subsection.3.1.1}{\376\377\000I\000n\000t\000e\000r\000n\000e\000t\000\040\000c\000o\000n\000t\000e\000x\000t}{section.3.1}% 72
\BOOKMARK [2][-]{subsection.3.1.2}{\376\377\000D\000o\000c\000u\000m\000e\000n\000t\000s\000\040\000c\000o\000n\000t\000e\000x\000t}{section.3.1}% 73
\BOOKMARK [1][-]{section.3.2}{\376\377\000S\000t\000r\000u\000c\000t\000u\000r\000e\000\040\000o\000f\000\040\000t\000h\000e\000\040\000l\000i\000b\000r\000a\000r\000y}{chapter.3}% 74
\BOOKMARK [2][-]{subsection.3.2.1}{\376\377\000B\000a\000s\000i\000c\000\040\000i\000n\000t\000e\000g\000r\000a\000t\000i\000o\000n}{section.3.2}% 75
\BOOKMARK [2][-]{subsection.3.2.2}{\376\377\000F\000r\000a\000m\000e\000w\000o\000r\000k\000\040\000i\000n\000t\000r\000o\000d\000u\000c\000t\000i\000o\000n}{section.3.2}% 76
\BOOKMARK [2][-]{subsection.3.2.3}{\376\377\000P\000r\000i\000n\000c\000i\000p\000a\000l\000\040\000n\000o\000d\000e\000s}{section.3.2}% 77
\BOOKMARK [3][-]{section*.32}{\376\377\000F\000e\000t\000c\000h\000\137\000n\000o\000d\000e}{subsection.3.2.3}% 78
\BOOKMARK [3][-]{section*.33}{\376\377\000F\000e\000t\000c\000h\000\137\000n\000o\000d\000e\000\137\000l\000e\000v\000e\000l\000\137\000k}{subsection.3.2.3}% 79
\BOOKMARK [3][-]{section*.34}{\376\377\000P\000a\000r\000s\000e\000\137\000n\000o\000d\000e}{subsection.3.2.3}% 80
\BOOKMARK [3][-]{section*.35}{\376\377\000S\000e\000a\000r\000c\000h\000\137\000i\000n\000t\000e\000r\000n\000e\000t\000\137\000n\000o\000d\000e}{subsection.3.2.3}% 81
\BOOKMARK [3][-]{section*.36}{\376\377\000G\000e\000n\000e\000r\000a\000t\000e\000\137\000a\000n\000s\000w\000e\000r\000\137\000n\000o\000d\000e}{subsection.3.2.3}% 82
\BOOKMARK [3][-]{section*.37}{\376\377\000G\000e\000n\000e\000r\000a\000t\000e\000\137\000a\000n\000s\000w\000e\000r\000\137\000n\000o\000d\000e\000\137\000k\000\137\000l\000e\000v\000e\000l}{subsection.3.2.3}% 83
\BOOKMARK [3][-]{section*.38}{\376\377\000H\000t\000m\000l\000\137\000a\000n\000a\000l\000y\000z\000e\000r\000\137\000n\000o\000d\000e}{subsection.3.2.3}% 84
\BOOKMARK [3][-]{section*.39}{\376\377\000C\000o\000n\000d\000i\000t\000i\000o\000n\000a\000l\000\137\000n\000o\000d\000e}{subsection.3.2.3}% 85
\BOOKMARK [3][-]{section*.40}{\376\377\000D\000e\000s\000c\000r\000i\000p\000t\000i\000o\000n\000\137\000n\000o\000d\000e}{subsection.3.2.3}% 86
\BOOKMARK [2][-]{subsection.3.2.4}{\376\377\000P\000r\000i\000n\000c\000i\000p\000a\000l\000\040\000g\000r\000a\000p\000h\000s}{section.3.2}% 87
\BOOKMARK [3][-]{section*.41}{\376\377\000S\000m\000a\000r\000t\000\137\000s\000c\000r\000a\000p\000e\000r}{subsection.3.2.4}% 88
\BOOKMARK [3][-]{section*.43}{\376\377\000S\000m\000a\000r\000t\000\137\000s\000c\000r\000a\000p\000e\000r\000\137\000l\000i\000t\000e\000\137\000g\000r\000a\000p\000h}{subsection.3.2.4}% 89
\BOOKMARK [3][-]{section*.45}{\376\377\000S\000e\000a\000r\000c\000h\000\137\000g\000r\000a\000p\000h}{subsection.3.2.4}% 90
\BOOKMARK [3][-]{section*.47}{\376\377\000J\000S\000O\000N\000\137\000s\000c\000r\000a\000p\000e\000r}{subsection.3.2.4}% 91
\BOOKMARK [3][-]{section*.49}{\376\377\000C\000S\000V\000\137\000s\000c\000r\000a\000p\000e\000r}{subsection.3.2.4}% 92
\BOOKMARK [2][-]{subsection.3.2.5}{\376\377\000M\000u\000l\000t\000i\000p\000l\000e\000\040\000r\000e\000q\000u\000e\000s\000t\000\040\000a\000n\000d\000\040\000p\000a\000r\000a\000l\000l\000e\000l\000i\000s\000m\000\040\000i\000n\000t\000e\000g\000r\000a\000t\000i\000o\000n}{section.3.2}% 93
\BOOKMARK [2][-]{subsection.3.2.6}{\376\377\000O\000u\000t\000p\000u\000t\000\040\000s\000c\000h\000e\000m\000a\000\040\000i\000n\000t\000e\000g\000r\000a\000t\000i\000o\000n}{section.3.2}% 94
\BOOKMARK [2][-]{subsection.3.2.7}{\376\377\000A\000\040\000n\000e\000w\000\040\000p\000a\000r\000a\000d\000i\000g\000m\000\040\000a\000n\000\040\000L\000L\000M\000\040\000t\000h\000a\000t\000\040\000g\000e\000n\000e\000r\000a\000t\000e\000s\000\040\000c\000o\000d\000e\000\040\000f\000o\000r\000\040\000s\000c\000r\000a\000p\000i\000n\000g}{section.3.2}% 95
\BOOKMARK [3][-]{section*.54}{\376\377\000S\000c\000r\000i\000p\000t\000\137\000g\000e\000n\000e\000r\000a\000t\000o\000r\000\137\000g\000r\000a\000p\000h}{subsection.3.2.7}% 96
\BOOKMARK [3][-]{section*.56}{\376\377\000C\000o\000d\000e\000\137\000g\000e\000n\000e\000r\000a\000t\000o\000r\000\137\000g\000r\000a\000p\000h}{subsection.3.2.7}% 97
\BOOKMARK [2][-]{subsection.3.2.8}{\376\377\000U\000p\000d\000a\000t\000e\000s\000\040\000m\000a\000n\000a\000g\000e\000m\000e\000n\000t}{section.3.2}% 98
\BOOKMARK [3][-]{section*.59}{\376\377\000M\000o\000s\000t\000\040\000V\000i\000s\000i\000t\000e\000d\000\040\000W\000e\000b\000s\000i\000t\000e\000s}{subsection.3.2.8}% 99
\BOOKMARK [4][-]{section*.61}{\376\377\000C\000o\000m\000m\000e\000n\000t\000a\000r\000y}{section*.59}% 100
\BOOKMARK [4][-]{section*.62}{\376\377\000I\000m\000a\000g\000e\000\040\000C\000o\000m\000m\000e\000n\000t\000a\000r\000y}{section*.59}% 101
\BOOKMARK [1][-]{section.3.3}{\376\377\000W\000h\000a\000t\000\040\000m\000a\000k\000e\000s\000\040\000S\000c\000r\000a\000p\000e\000g\000r\000a\000p\000h\000A\000I\000\040\000c\000o\000o\000l}{chapter.3}% 102
\BOOKMARK [2][-]{subsection.3.3.1}{\376\377\000A\000v\000a\000i\000l\000a\000b\000l\000e\000\040\000L\000L\000M\000\040\000M\000o\000d\000e\000l\000s}{section.3.3}% 103
\BOOKMARK [3][-]{section*.65}{\376\377\000W\000h\000y\000\040\000S\000u\000p\000p\000o\000r\000t\000i\000n\000g\000\040\000M\000u\000l\000t\000i\000p\000l\000e\000\040\000L\000L\000M\000\040\000V\000e\000r\000s\000i\000o\000n\000s\000\040\000i\000s\000\040\000I\000m\000p\000o\000r\000t\000a\000n\000t}{subsection.3.3.1}% 104
\BOOKMARK [3][-]{section*.66}{\376\377\000F\000u\000t\000u\000r\000e\000-\000P\000r\000o\000o\000f\000i\000n\000g\000\040\000S\000c\000r\000a\000p\000e\000G\000r\000a\000p\000h}{subsection.3.3.1}% 105
\BOOKMARK [1][-]{section.3.4}{\376\377\000S\000t\000e\000p\000-\000b\000y\000-\000s\000t\000e\000p\000\040\000g\000u\000i\000d\000e}{chapter.3}% 106
\BOOKMARK [2][-]{subsection.3.4.1}{\376\377\000O\000p\000e\000n\000\040\000s\000o\000u\000r\000c\000e\000\040\000l\000i\000b\000r\000a\000r\000y}{section.3.4}% 107
\BOOKMARK [2][-]{subsection.3.4.2}{\376\377\000O\000f\000f\000i\000c\000i\000a\000l\000\040\000A\000P\000I\000s}{section.3.4}% 108
\BOOKMARK [1][-]{section.3.5}{\376\377\000B\000e\000n\000c\000h\000m\000a\000r\000k\000s}{chapter.3}% 109
\BOOKMARK [2][-]{subsection.3.5.1}{\376\377\000L\000L\000M\000-\000B\000a\000s\000e\000d\000\040\000E\000x\000t\000r\000a\000c\000t\000i\000o\000n\000\040\000B\000e\000n\000c\000h\000m\000a\000r\000k\000i\000n\000g}{section.3.5}% 110
\BOOKMARK [1][-]{section.3.6}{\376\377\000S\000e\000t\000u\000p\000\040\000T\000i\000m\000e}{chapter.3}% 111
\BOOKMARK [2][-]{subsection.3.6.1}{\376\377\000S\000c\000r\000a\000p\000e\000G\000r\000a\000p\000h\000A\000I}{section.3.6}% 112
\BOOKMARK [2][-]{subsection.3.6.2}{\376\377\000B\000e\000a\000u\000t\000i\000f\000u\000l\000S\000o\000u\000p}{section.3.6}% 113
\BOOKMARK [1][-]{section.3.7}{\376\377\000B\000a\000l\000a\000n\000c\000i\000n\000g\000\040\000E\000x\000t\000r\000a\000c\000t\000i\000o\000n\000\040\000L\000o\000a\000d\000\040\000a\000n\000d\000\040\000I\000n\000f\000e\000r\000e\000n\000c\000e\000\040\000T\000i\000m\000e}{chapter.3}% 114
\BOOKMARK [1][-]{section.3.8}{\376\377\000B\000e\000n\000c\000h\000m\000a\000r\000k\000\040\000E\000v\000a\000l\000u\000a\000t\000i\000o\000n}{chapter.3}% 115
\BOOKMARK [2][-]{subsection.3.8.1}{\376\377\000A\000c\000c\000u\000r\000a\000c\000y}{section.3.8}% 116
\BOOKMARK [1][-]{section.3.9}{\376\377\000S\000c\000r\000i\000p\000t\000s}{chapter.3}% 117
\BOOKMARK [2][-]{subsection.3.9.1}{\376\377\000s\000m\000a\000r\000t\000\137\000s\000c\000r\000a\000p\000e\000r\000.\000p\000y}{section.3.9}% 118
\BOOKMARK [2][-]{subsection.3.9.2}{\376\377\000b\000e\000a\000u\000t\000i\000f\000o\000u\000s\000o\000u\000p\000.\000p\000y}{section.3.9}% 119
\BOOKMARK [2][-]{subsection.3.9.3}{\376\377\000I\000n\000t\000e\000g\000r\000a\000t\000i\000o\000n\000\040\000a\000n\000d\000\040\000W\000o\000r\000k\000f\000l\000o\000w}{section.3.9}% 120
\BOOKMARK [1][-]{section.3.10}{\376\377\000C\000o\000m\000p\000a\000r\000i\000s\000o\000n\000\040\000w\000i\000t\000h\000\040\000S\000c\000r\000a\000p\000e\000g\000r\000a\000p\000h\000A\000I\000\040\000A\000P\000I\000s}{chapter.3}% 121
\BOOKMARK [2][-]{subsection.3.10.1}{\376\377\000A\000d\000v\000a\000n\000t\000a\000g\000e\000s\000\040\000o\000f\000\040\000U\000s\000i\000n\000g\000\040\000S\000c\000r\000a\000p\000e\000g\000r\000a\000p\000h\000A\000I\000\040\000A\000P\000I\000s\000\040\000O\000v\000e\000r\000\040\000t\000h\000e\000\040\000P\000y\000t\000h\000o\000n\000\040\000L\000i\000b\000r\000a\000r\000y}{section.3.10}% 122
\BOOKMARK [1][-]{section.3.11}{\376\377\000R\000e\000a\000l\000-\000W\000o\000r\000l\000d\000\040\000A\000p\000p\000l\000i\000c\000a\000t\000i\000o\000n\000s}{chapter.3}% 123
\BOOKMARK [2][-]{subsection.3.11.1}{\376\377\000E\000-\000C\000o\000m\000m\000e\000r\000c\000e\000\040\000a\000n\000d\000\040\000R\000e\000t\000a\000i\000l}{section.3.11}% 124
\BOOKMARK [2][-]{subsection.3.11.2}{\376\377\000M\000a\000r\000k\000e\000t\000\040\000R\000e\000s\000e\000a\000r\000c\000h\000\040\000a\000n\000d\000\040\000A\000n\000a\000l\000y\000t\000i\000c\000s}{section.3.11}% 125
\BOOKMARK [2][-]{subsection.3.11.3}{\376\377\000H\000e\000a\000l\000t\000h\000c\000a\000r\000e\000\040\000a\000n\000d\000\040\000L\000i\000f\000e\000\040\000S\000c\000i\000e\000n\000c\000e\000s}{section.3.11}% 126
\BOOKMARK [2][-]{subsection.3.11.4}{\376\377\000F\000i\000n\000a\000n\000c\000e\000\040\000a\000n\000d\000\040\000I\000n\000v\000e\000s\000t\000m\000e\000n\000t}{section.3.11}% 127
\BOOKMARK [2][-]{subsection.3.11.5}{\376\377\000E\000d\000u\000c\000a\000t\000i\000o\000n\000\040\000a\000n\000d\000\040\000A\000c\000a\000d\000e\000m\000i\000a}{section.3.11}% 128
\BOOKMARK [2][-]{subsection.3.11.6}{\376\377\000M\000e\000d\000i\000a\000\040\000a\000n\000d\000\040\000J\000o\000u\000r\000n\000a\000l\000i\000s\000m}{section.3.11}% 129
\BOOKMARK [2][-]{subsection.3.11.7}{\376\377\000L\000e\000g\000a\000l\000\040\000a\000n\000d\000\040\000C\000o\000m\000p\000l\000i\000a\000n\000c\000e\000\040\000M\000o\000n\000i\000t\000o\000r\000i\000n\000g}{section.3.11}% 130
\BOOKMARK [2][-]{subsection.3.11.8}{\376\377\000F\000u\000t\000u\000r\000e\000\040\000A\000p\000p\000l\000i\000c\000a\000t\000i\000o\000n\000s\000\040\000a\000n\000d\000\040\000O\000p\000p\000o\000r\000t\000u\000n\000i\000t\000i\000e\000s}{section.3.11}% 131
\BOOKMARK [0][-]{chapter.4}{\376\377\000C\000o\000n\000c\000l\000u\000s\000i\000o\000n\000s}{}% 132
\BOOKMARK [1][-]{section.4.1}{\376\377\000R\000e\000s\000u\000l\000t\000s\000\040\000a\000c\000h\000i\000e\000v\000e\000d}{chapter.4}% 133
\BOOKMARK [1][-]{section.4.2}{\376\377\000T\000u\000r\000n\000i\000n\000g\000\040\000S\000c\000r\000a\000p\000e\000g\000r\000a\000p\000h\000A\000I\000\040\000i\000n\000t\000o\000\040\000a\000\040\000c\000o\000m\000p\000a\000n\000y}{chapter.4}% 134
\BOOKMARK [1][-]{section.4.3}{\376\377\000N\000e\000x\000t\000\040\000s\000t\000e\000p\000s}{chapter.4}% 135
\BOOKMARK [2][-]{subsection.4.3.1}{\376\377\000I\000n\000t\000e\000g\000r\000a\000t\000i\000o\000n\000s\000\040\000i\000n\000s\000i\000d\000e\000\040\000t\000h\000e\000\040\000a\000g\000e\000n\000t\000s}{section.4.3}% 136
\BOOKMARK [2][-]{subsection.4.3.2}{\376\377\000I\000n\000t\000e\000g\000r\000a\000t\000i\000o\000n\000\040\000o\000f\000\040\000R\000A\000G\000\040\000d\000a\000t\000a\000b\000a\000s\000e\000s}{section.4.3}% 137
